<?xml version="1.0" encoding="UTF-8"?>
<!-- Generated by org.testng.reporters.JUnitXMLReporter -->
<testsuite hostname="LAPTOP-FET714UI" name="Exisiting and New User Login" tests="2" failures="0" timestamp="13 Apr 2021 06:35:37 GMT" time="60.021" errors="0">
  <testcase name="MultiLoginAction" time="41.746" classname="testCases.multipleLogin_TestCases"/>
  <testcase name="MultiLoginAction" time="18.251" classname="testCases.multipleLogin_TestCases"/>
</testsuite> <!-- Exisiting and New User Login -->
