<?xml version="1.0" encoding="UTF-8"?>
<testng-results skipped="0" failed="0" ignored="0" total="3" passed="3">
  <reporter-output>
    <line>
      <![CDATA[RummyBaazi Site Opens]]>
    </line>
  </reporter-output>
  <suite name="Suite" duration-ms="61400" started-at="2021-04-13T11:59:09 IST" finished-at="2021-04-13T12:00:10 IST">
    <groups>
    </groups>
    <test name="Login Validation" duration-ms="42197" started-at="2021-04-13T11:59:09 IST" finished-at="2021-04-13T11:59:51 IST">
      <class name="testCases.loginValidation_TestCases">
        <test-method status="PASS" signature="LoginValidation()[pri:0, instance:testCases.loginValidation_TestCases@431cd9b2]" name="LoginValidation" duration-ms="41232" started-at="2021-04-13T11:59:09 IST" finished-at="2021-04-13T11:59:50 IST">
          <reporter-output>
            <line>
              <![CDATA[RummyBaazi Site Opens]]>
            </line>
          </reporter-output>
        </test-method> <!-- LoginValidation -->
        <test-method status="PASS" signature="after()[pri:0, instance:testCases.loginValidation_TestCases@431cd9b2]" name="after" is-config="true" duration-ms="903" started-at="2021-04-13T11:59:50 IST" finished-at="2021-04-13T11:59:51 IST">
          <reporter-output>
          </reporter-output>
        </test-method> <!-- after -->
      </class> <!-- testCases.loginValidation_TestCases -->
    </test> <!-- Login Validation -->
    <test name="Exisiting and New User Login" duration-ms="61400" started-at="2021-04-13T11:59:09 IST" finished-at="2021-04-13T12:00:10 IST">
      <class name="testCases.multipleLogin_TestCases">
        <test-method status="PASS" signature="config()[pri:0, instance:testCases.multipleLogin_TestCases@7857fe2]" name="config" is-config="true" duration-ms="11" started-at="2021-04-13T11:59:09 IST" finished-at="2021-04-13T11:59:09 IST">
          <reporter-output>
          </reporter-output>
        </test-method> <!-- config -->
        <test-method status="PASS" signature="MultiLoginAction(java.lang.String, java.lang.String, java.lang.String)[pri:0, instance:testCases.multipleLogin_TestCases@7857fe2]" name="MultiLoginAction" duration-ms="42114" started-at="2021-04-13T11:59:09 IST" data-provider="getData" finished-at="2021-04-13T11:59:51 IST">
          <params>
            <param index="0">
              <value>
                <![CDATA[rafi26]]>
              </value>
            </param>
            <param index="1">
              <value>
                <![CDATA[Test@123]]>
              </value>
            </param>
            <param index="2">
              <value>
                <![CDATA[New User]]>
              </value>
            </param>
          </params>
          <reporter-output>
          </reporter-output>
        </test-method> <!-- MultiLoginAction -->
        <test-method status="PASS" signature="MultiLoginAction(java.lang.String, java.lang.String, java.lang.String)[pri:0, instance:testCases.multipleLogin_TestCases@7857fe2]" name="MultiLoginAction" duration-ms="19238" started-at="2021-04-13T11:59:51 IST" data-provider="getData" finished-at="2021-04-13T12:00:10 IST">
          <params>
            <param index="0">
              <value>
                <![CDATA[Tester6021]]>
              </value>
            </param>
            <param index="1">
              <value>
                <![CDATA[Test@123]]>
              </value>
            </param>
            <param index="2">
              <value>
                <![CDATA[Existing User]]>
              </value>
            </param>
          </params>
          <reporter-output>
          </reporter-output>
        </test-method> <!-- MultiLoginAction -->
        <test-method status="PASS" signature="teardown()[pri:0, instance:testCases.multipleLogin_TestCases@7857fe2]" name="teardown" is-config="true" duration-ms="0" started-at="2021-04-13T12:00:10 IST" finished-at="2021-04-13T12:00:10 IST">
          <reporter-output>
          </reporter-output>
        </test-method> <!-- teardown -->
      </class> <!-- testCases.multipleLogin_TestCases -->
    </test> <!-- Exisiting and New User Login -->
  </suite> <!-- Suite -->
</testng-results>
